Success (2):
processModel 11848 0002db64-a366-8000-db91-0a1e000d14c0 "Request enrollment for opp referral"
processModel 11619 0002db23-086a-8000-db91-0a1e000d14c0 "Register Software License Opportunity"

Referenced precedents that were not exported (29):
datatype 4366 {https://forum-staging.appiancloud.com/suite/types/}PRM_PractionerData
datatype 4776 {https://forum-staging.appiancloud.com/suite/types/}PRM_organization
datatype 4832 {urn:com:appian:types:PRM}PRM_OpportunityReferral
datatype 3766 {urn:com:appian:types:CRM}CRM_Account
dataStore 46851 _a-0000d976-fb9b-8000-8392-0a000064044c_53009
group 344 _e-0000d229-7bc9-8000-a13e-012a55012a55_344
group 1194 _e-0000d9dc-fad9-8000-9e04-010000010000_16
group 146 _e-0002d186-7f26-8000-a13e-012a55012a55_146
group 1170 _e-0000d9aa-7629-8000-a13e-012a55012a55_1170
content 68703 _a-0000db60-138f-8000-8392-0a000064044c_75761
content 65321 5ee12628-db43-423c-9fd8-678fff518590
content 68633 _a-0000db60-138f-8000-8392-0a000064044c_75672
content 68607 _a-0000db60-138f-8000-8392-0a000064044c_75646
content 68616 _a-0000db60-138f-8000-8392-0a000064044c_75655
content 68670 _a-0000db60-138f-8000-8392-0a000064044c_75717
content 68628 _a-0000db60-138f-8000-8392-0a000064044c_75667
content 43266 _a-0000d8cc-aa76-8000-8392-0a000064044c_48918
content 28357 _a-0000d62a-67b3-8000-da6f-010000010000_950
content 68696 _a-0000db60-138f-8000-8392-0a000064044c_75754
content 28239 _a-0000d690-12fb-8000-0f1a-010000010000_1310
content 68604 _a-0000db60-138f-8000-8392-0a000064044c_75643
content 68679 _a-0000db60-138f-8000-8392-0a000064044c_75728
content 49545 4087315c-c204-411c-bd03-c314070bf357
content 49559 _a-0000d9c3-4179-8000-8392-0a000064044c_55871
content 8670 _a-0000d229-7bcb-8000-8392-0a000064044c_8670
content 46932 871561bc-9cbe-4226-8694-6fb5f0946dca
content 47734 2bc59a63-0c15-4ca7-9013-d888c3710136
processModelFolder 156 _g-0000d976-fba4-8000-db91-0a1e000d14c0_169
tempoFeed 100 2ead33cb-ad6e-4a79-82cc-249dd7ec0e17

Trace:
2015-11-17 15:59:33.15 DEBUG processModel 11619 0002db23-086a-8000-db91-0a1e000d14c0 Begin transport.
2015-11-17 15:59:33.15 DEBUG processModel 11619 0002db23-086a-8000-db91-0a1e000d14c0 Retrieving object data.
2015-11-17 15:59:33.491 DEBUG processModel 11619 0002db23-086a-8000-db91-0a1e000d14c0 Setting uuids of object references.
2015-11-17 15:59:33.492 DEBUG processModel 11619 0002db23-086a-8000-db91-0a1e000d14c0 Processing reference: ProcessModelHaul.folderId
2015-11-17 15:59:33.493 DEBUG processModel 11619 0002db23-086a-8000-db91-0a1e000d14c0 Processing reference: ProcessModelHaul.modelDashboardPageId
2015-11-17 15:59:33.493 DEBUG processModel 11619 0002db23-086a-8000-db91-0a1e000d14c0 Processing reference: ProcessModelHaul.processDashboardPageId
2015-11-17 15:59:33.494 DEBUG processModel 11619 0002db23-086a-8000-db91-0a1e000d14c0 Processing reference: ProcessModel.emailAttachmentFolderId
2015-11-17 15:59:33.5 DEBUG processModel 11619 0002db23-086a-8000-db91-0a1e000d14c0 Processing reference: ActivityClassParameter[name=pmID,it=23,v=<null>]
2015-11-17 15:59:33.501 DEBUG processModel 11619 0002db23-086a-8000-db91-0a1e000d14c0 Processing reference: ActivityClassParameter[name=inMap,it=111,v={}]
2015-11-17 15:59:33.501 DEBUG processModel 11619 0002db23-086a-8000-db91-0a1e000d14c0 Processing reference: ActivityClassParameter[name=procInheritsPriority,it=1,v=1]
2015-11-17 15:59:33.501 DEBUG processModel 11619 0002db23-086a-8000-db91-0a1e000d14c0 Processing reference: ActivityClassParameter[name=pmUUID,it=3,v=]
2015-11-17 15:59:33.501 DEBUG processModel 11619 0002db23-086a-8000-db91-0a1e000d14c0 Processing reference: ActivityClassParameter[name=isAsynchronous,it=26,v=1]
2015-11-17 15:59:33.501 DEBUG processModel 11619 0002db23-086a-8000-db91-0a1e000d14c0 Processing reference: ActivityClassParameter[name=isTransparent,it=26,v=1]
2015-11-17 15:59:33.501 DEBUG processModel 11619 0002db23-086a-8000-db91-0a1e000d14c0 Processing reference: ActivityClassParameter[name=inheritSecurity,it=26,v=0]
2015-11-17 15:59:33.502 DEBUG processModel 11619 0002db23-086a-8000-db91-0a1e000d14c0 Processing reference: ActivityClassParameter[name=defaultNode,it=1,v=5]
2015-11-17 15:59:33.502 DEBUG processModel 11619 0002db23-086a-8000-db91-0a1e000d14c0 Processing reference: ActivityClassParameter[name=rules,it=111,v={ActivityClassParameter[name=rule,it=11,v={ActivityClassParameter[name=expression,it=26,v=<null>],ActivityClassParameter[name=node,it=1,v=4],ActivityClassParameter[name=label,it=3,v=cancel]}]}]
2015-11-17 15:59:33.502 DEBUG processModel 11619 0002db23-086a-8000-db91-0a1e000d14c0 Processing reference: ActivityClassParameter[name=fired,it=1,v=0]
2015-11-17 15:59:33.503 DEBUG processModel 11619 0002db23-086a-8000-db91-0a1e000d14c0 Processing reference: ActivityClassParameter[name=arrivedNodes,it=101,v=<null>]
2015-11-17 15:59:33.503 DEBUG processModel 11619 0002db23-086a-8000-db91-0a1e000d14c0 Processing reference: ActivityClassParameter[name=pmID,it=23,v=<null>]
2015-11-17 15:59:33.503 DEBUG processModel 11619 0002db23-086a-8000-db91-0a1e000d14c0 Processing reference: ActivityClassParameter[name=inMap,it=111,v={}]
2015-11-17 15:59:33.503 DEBUG processModel 11619 0002db23-086a-8000-db91-0a1e000d14c0 Processing reference: ActivityClassParameter[name=procInheritsPriority,it=1,v=1]
2015-11-17 15:59:33.503 DEBUG processModel 11619 0002db23-086a-8000-db91-0a1e000d14c0 Processing reference: ActivityClassParameter[name=pmUUID,it=3,v=]
2015-11-17 15:59:33.504 DEBUG processModel 11619 0002db23-086a-8000-db91-0a1e000d14c0 Processing reference: ActivityClassParameter[name=isAsynchronous,it=26,v=1]
2015-11-17 15:59:33.504 DEBUG processModel 11619 0002db23-086a-8000-db91-0a1e000d14c0 Processing reference: ActivityClassParameter[name=isTransparent,it=26,v=1]
2015-11-17 15:59:33.504 DEBUG processModel 11619 0002db23-086a-8000-db91-0a1e000d14c0 Processing reference: ActivityClassParameter[name=inheritSecurity,it=26,v=0]
2015-11-17 15:59:33.504 DEBUG processModel 11619 0002db23-086a-8000-db91-0a1e000d14c0 Processing reference: ActivityClassParameter[name=pmID,it=23,v=<null>]
2015-11-17 15:59:33.504 DEBUG processModel 11619 0002db23-086a-8000-db91-0a1e000d14c0 Processing reference: ActivityClassParameter[name=inMap,it=111,v={}]
2015-11-17 15:59:33.504 DEBUG processModel 11619 0002db23-086a-8000-db91-0a1e000d14c0 Processing reference: ActivityClassParameter[name=procInheritsPriority,it=1,v=1]
2015-11-17 15:59:33.505 DEBUG processModel 11619 0002db23-086a-8000-db91-0a1e000d14c0 Processing reference: ActivityClassParameter[name=pmUUID,it=3,v=]
2015-11-17 15:59:33.505 DEBUG processModel 11619 0002db23-086a-8000-db91-0a1e000d14c0 Processing reference: ActivityClassParameter[name=isAsynchronous,it=26,v=1]
2015-11-17 15:59:33.505 DEBUG processModel 11619 0002db23-086a-8000-db91-0a1e000d14c0 Processing reference: ActivityClassParameter[name=isTransparent,it=26,v=1]
2015-11-17 15:59:33.505 DEBUG processModel 11619 0002db23-086a-8000-db91-0a1e000d14c0 Processing reference: ActivityClassParameter[name=inheritSecurity,it=26,v=0]
2015-11-17 15:59:33.505 DEBUG processModel 11619 0002db23-086a-8000-db91-0a1e000d14c0 Processing reference: ActivityClassParameter[name=prmPractionerData,it=4366,v=<null>]
2015-11-17 15:59:33.506 DEBUG processModel 11619 0002db23-086a-8000-db91-0a1e000d14c0 Processing reference: ActivityClassParameter[name=pmID,it=23,v=<null>]
2015-11-17 15:59:33.506 DEBUG processModel 11619 0002db23-086a-8000-db91-0a1e000d14c0 Processing reference: ActivityClassParameter[name=inMap,it=111,v={}]
2015-11-17 15:59:33.506 DEBUG processModel 11619 0002db23-086a-8000-db91-0a1e000d14c0 Processing reference: ActivityClassParameter[name=procInheritsPriority,it=1,v=1]
2015-11-17 15:59:33.506 DEBUG processModel 11619 0002db23-086a-8000-db91-0a1e000d14c0 Processing reference: ActivityClassParameter[name=pmUUID,it=3,v=]
2015-11-17 15:59:33.506 DEBUG processModel 11619 0002db23-086a-8000-db91-0a1e000d14c0 Processing reference: ActivityClassParameter[name=isAsynchronous,it=26,v=1]
2015-11-17 15:59:33.507 DEBUG processModel 11619 0002db23-086a-8000-db91-0a1e000d14c0 Processing reference: ActivityClassParameter[name=isTransparent,it=26,v=1]
2015-11-17 15:59:33.507 DEBUG processModel 11619 0002db23-086a-8000-db91-0a1e000d14c0 Processing reference: ActivityClassParameter[name=inheritSecurity,it=26,v=0]
2015-11-17 15:59:33.507 DEBUG processModel 11619 0002db23-086a-8000-db91-0a1e000d14c0 Processing reference: ActivityClassParameter[name=defaultNode,it=1,v=7]
2015-11-17 15:59:33.507 DEBUG processModel 11619 0002db23-086a-8000-db91-0a1e000d14c0 Processing reference: ActivityClassParameter[name=rules,it=111,v={ActivityClassParameter[name=rule,it=11,v={ActivityClassParameter[name=expression,it=26,v=<null>],ActivityClassParameter[name=node,it=1,v=15],ActivityClassParameter[name=label,it=3,v=cancel]}]}]
2015-11-17 15:59:33.508 DEBUG processModel 11619 0002db23-086a-8000-db91-0a1e000d14c0 Processing reference: ActivityClassParameter[name=fired,it=1,v=0]
2015-11-17 15:59:33.508 DEBUG processModel 11619 0002db23-086a-8000-db91-0a1e000d14c0 Processing reference: ActivityClassParameter[name=arrivedNodes,it=101,v=<null>]
2015-11-17 15:59:33.508 DEBUG processModel 11619 0002db23-086a-8000-db91-0a1e000d14c0 Processing reference: ActivityClassParameter[name=defaultNode,it=1,v=11]
2015-11-17 15:59:33.508 DEBUG processModel 11619 0002db23-086a-8000-db91-0a1e000d14c0 Processing reference: ActivityClassParameter[name=rules,it=111,v={ActivityClassParameter[name=rule,it=11,v={ActivityClassParameter[name=expression,it=26,v=<null>],ActivityClassParameter[name=node,it=1,v=13],ActivityClassParameter[name=label,it=3,v=Yes]}],ActivityClassParameter[name=rule,it=11,v={ActivityClassParameter[name=expression,it=26,v=<null>],ActivityClassParameter[name=node,it=1,v=13],ActivityClassParameter[name=label,it=3,v=Yes]}]}]
2015-11-17 15:59:33.51 DEBUG processModel 11619 0002db23-086a-8000-db91-0a1e000d14c0 Processing reference: ActivityClassParameter[name=fired,it=1,v=0]
2015-11-17 15:59:33.51 DEBUG processModel 11619 0002db23-086a-8000-db91-0a1e000d14c0 Processing reference: ActivityClassParameter[name=arrivedNodes,it=101,v=<null>]
2015-11-17 15:59:33.51 DEBUG processModel 11619 0002db23-086a-8000-db91-0a1e000d14c0 Processing reference: ActivityClassParameter[name=defaultNode,it=1,v=8]
2015-11-17 15:59:33.51 DEBUG processModel 11619 0002db23-086a-8000-db91-0a1e000d14c0 Processing reference: ActivityClassParameter[name=rules,it=111,v={ActivityClassParameter[name=rule,it=11,v={ActivityClassParameter[name=expression,it=26,v=<null>],ActivityClassParameter[name=node,it=1,v=9],ActivityClassParameter[name=label,it=3,v=ABA test]}]}]
2015-11-17 15:59:33.511 DEBUG processModel 11619 0002db23-086a-8000-db91-0a1e000d14c0 Processing reference: ActivityClassParameter[name=fired,it=1,v=0]
2015-11-17 15:59:33.511 DEBUG processModel 11619 0002db23-086a-8000-db91-0a1e000d14c0 Processing reference: ActivityClassParameter[name=arrivedNodes,it=101,v=<null>]
2015-11-17 15:59:33.511 DEBUG processModel 11619 0002db23-086a-8000-db91-0a1e000d14c0 Processing reference: ActivityClassParameter[name=prmOrganization,it=4776,v=<null>]
2015-11-17 15:59:33.511 DEBUG processModel 11619 0002db23-086a-8000-db91-0a1e000d14c0 Processing reference: ActivityClassParameter[name=pmID,it=23,v=<null>]
2015-11-17 15:59:33.511 DEBUG processModel 11619 0002db23-086a-8000-db91-0a1e000d14c0 Processing reference: ActivityClassParameter[name=inMap,it=111,v={}]
2015-11-17 15:59:33.512 DEBUG processModel 11619 0002db23-086a-8000-db91-0a1e000d14c0 Processing reference: ActivityClassParameter[name=procInheritsPriority,it=1,v=1]
2015-11-17 15:59:33.512 DEBUG processModel 11619 0002db23-086a-8000-db91-0a1e000d14c0 Processing reference: ActivityClassParameter[name=pmUUID,it=3,v=]
2015-11-17 15:59:33.512 DEBUG processModel 11619 0002db23-086a-8000-db91-0a1e000d14c0 Processing reference: ActivityClassParameter[name=isAsynchronous,it=26,v=1]
2015-11-17 15:59:33.512 DEBUG processModel 11619 0002db23-086a-8000-db91-0a1e000d14c0 Processing reference: ActivityClassParameter[name=isTransparent,it=26,v=1]
2015-11-17 15:59:33.512 DEBUG processModel 11619 0002db23-086a-8000-db91-0a1e000d14c0 Processing reference: ActivityClassParameter[name=inheritSecurity,it=26,v=0]
2015-11-17 15:59:33.512 DEBUG processModel 11619 0002db23-086a-8000-db91-0a1e000d14c0 Processing reference: ActivityClassParameter[name=defaultNode,it=1,v=9]
2015-11-17 15:59:33.512 DEBUG processModel 11619 0002db23-086a-8000-db91-0a1e000d14c0 Processing reference: ActivityClassParameter[name=rules,it=111,v={ActivityClassParameter[name=rule,it=11,v={ActivityClassParameter[name=expression,it=26,v=<null>],ActivityClassParameter[name=node,it=1,v=2],ActivityClassParameter[name=label,it=3,v=yes]}],ActivityClassParameter[name=rule,it=11,v={ActivityClassParameter[name=expression,it=26,v=<null>],ActivityClassParameter[name=node,it=1,v=17],ActivityClassParameter[name=label,it=3,v=Invalid PRM Org ID ]}],ActivityClassParameter[name=rule,it=11,v={ActivityClassParameter[name=expression,it=26,v=<null>],ActivityClassParameter[name=node,it=1,v=2],ActivityClassParameter[name=label,it=3,v=yes]}]}]
2015-11-17 15:59:33.514 DEBUG processModel 11619 0002db23-086a-8000-db91-0a1e000d14c0 Processing reference: ActivityClassParameter[name=fired,it=1,v=0]
2015-11-17 15:59:33.514 DEBUG processModel 11619 0002db23-086a-8000-db91-0a1e000d14c0 Processing reference: ActivityClassParameter[name=arrivedNodes,it=101,v=<null>]
2015-11-17 15:59:33.514 DEBUG processModel 11619 0002db23-086a-8000-db91-0a1e000d14c0 Processing reference: UiExpressionForm.expression
2015-11-17 15:59:33.516 DEBUG processModel 11619 0002db23-086a-8000-db91-0a1e000d14c0 Processing reference: com.appiancorp.suiteapi.process.Assignment$Assignee@20b58496
2015-11-17 15:59:33.516 DEBUG processModel 11619 0002db23-086a-8000-db91-0a1e000d14c0 Processing reference: ActivityClassParameter[name=From,it=3,v=process]
2015-11-17 15:59:33.517 DEBUG processModel 11619 0002db23-086a-8000-db91-0a1e000d14c0 Processing reference: ActivityClassParameter[name=FromEmailValue,it=34,v=]
2015-11-17 15:59:33.517 DEBUG processModel 11619 0002db23-086a-8000-db91-0a1e000d14c0 Processing reference: ActivityClassParameter[name=To,it=135,v=<null>]
2015-11-17 15:59:33.517 DEBUG processModel 11619 0002db23-086a-8000-db91-0a1e000d14c0 Processing reference: ActivityClassParameter[name=Cc,it=135,v={}]
2015-11-17 15:59:33.517 DEBUG processModel 11619 0002db23-086a-8000-db91-0a1e000d14c0 Processing reference: ActivityClassParameter[name=Bcc,it=135,v={}]
2015-11-17 15:59:33.517 DEBUG processModel 11619 0002db23-086a-8000-db91-0a1e000d14c0 Processing reference: ActivityClassParameter[name=SendErrorsTo,it=3,v=]
2015-11-17 15:59:33.517 DEBUG processModel 11619 0002db23-086a-8000-db91-0a1e000d14c0 Processing reference: ActivityClassParameter[name=SendErrorsToEmailValue,it=34,v=]
2015-11-17 15:59:33.517 DEBUG processModel 11619 0002db23-086a-8000-db91-0a1e000d14c0 Processing reference: ActivityClassParameter[name=Subject,it=3,v=]
2015-11-17 15:59:33.517 DEBUG processModel 11619 0002db23-086a-8000-db91-0a1e000d14c0 Processing reference: ActivityClassParameter[name=Attachments,it=113,v={}]
2015-11-17 15:59:33.518 DEBUG processModel 11619 0002db23-086a-8000-db91-0a1e000d14c0 Processing reference: ActivityClassParameter[name=Priority,it=1,v=3]
2015-11-17 15:59:33.518 DEBUG processModel 11619 0002db23-086a-8000-db91-0a1e000d14c0 Processing reference: ActivityClassParameter[name=IsHTML,it=26,v=1]
2015-11-17 15:59:33.518 DEBUG processModel 11619 0002db23-086a-8000-db91-0a1e000d14c0 Processing reference: ActivityClassParameter[name=BodyTemplate,it=13,v=<null>]
2015-11-17 15:59:33.518 DEBUG processModel 11619 0002db23-086a-8000-db91-0a1e000d14c0 Processing reference: ActivityClassParameter[name=BodyHTML,it=3,v=]
2015-11-17 15:59:33.518 DEBUG processModel 11619 0002db23-086a-8000-db91-0a1e000d14c0 Processing reference: ActivityClassParameter[name=HeaderTemplate,it=13,v=<null>]
2015-11-17 15:59:33.518 DEBUG processModel 11619 0002db23-086a-8000-db91-0a1e000d14c0 Processing reference: ActivityClassParameter[name=FooterTemplate,it=13,v=<null>]
2015-11-17 15:59:33.518 DEBUG processModel 11619 0002db23-086a-8000-db91-0a1e000d14c0 Processing reference: ActivityClassParameter[name=UsersWithMissingAddresses,it=104,v=<null>]
2015-11-17 15:59:33.518 DEBUG processModel 11619 0002db23-086a-8000-db91-0a1e000d14c0 Processing reference: ActivityClassParameter[name=InvalidAddresses,it=103,v=<null>]
2015-11-17 15:59:33.518 DEBUG processModel 11619 0002db23-086a-8000-db91-0a1e000d14c0 Processing reference: ActivityClassParameter[name=ToValidAddresses,it=134,v=<null>]
2015-11-17 15:59:33.518 DEBUG processModel 11619 0002db23-086a-8000-db91-0a1e000d14c0 Processing reference: ActivityClassParameter[name=CcValidAddresses,it=134,v=<null>]
2015-11-17 15:59:33.518 DEBUG processModel 11619 0002db23-086a-8000-db91-0a1e000d14c0 Processing reference: ActivityClassParameter[name=BccValidAddresses,it=134,v=<null>]
2015-11-17 15:59:33.52 DEBUG processModel 11619 0002db23-086a-8000-db91-0a1e000d14c0 Processing reference: ActivityClassParameter[name=firstName,it=3,v=]
2015-11-17 15:59:33.52 DEBUG processModel 11619 0002db23-086a-8000-db91-0a1e000d14c0 Processing reference: ActivityClassParameter[name=accountName,it=3,v=]
2015-11-17 15:59:33.52 DEBUG processModel 11619 0002db23-086a-8000-db91-0a1e000d14c0 Processing reference: ActivityClassParameter[name=lastName,it=3,v=]
2015-11-17 15:59:33.52 DEBUG processModel 11619 0002db23-086a-8000-db91-0a1e000d14c0 Processing reference: ActivityClassParameter[name=company,it=3,v=]
2015-11-17 15:59:33.52 DEBUG processModel 11619 0002db23-086a-8000-db91-0a1e000d14c0 Processing reference: ActivityClassParameter[name=email,it=3,v=]
2015-11-17 15:59:33.52 DEBUG processModel 11619 0002db23-086a-8000-db91-0a1e000d14c0 Processing reference: ActivityClassParameter[name=phone,it=3,v=]
2015-11-17 15:59:33.52 DEBUG processModel 11619 0002db23-086a-8000-db91-0a1e000d14c0 Processing reference: ActivityClassParameter[name=department,it=3,v=]
2015-11-17 15:59:33.521 DEBUG processModel 11619 0002db23-086a-8000-db91-0a1e000d14c0 Processing reference: ActivityClassParameter[name=industry,it=3,v=]
2015-11-17 15:59:33.521 DEBUG processModel 11619 0002db23-086a-8000-db91-0a1e000d14c0 Processing reference: ActivityClassParameter[name=functionalArea,it=3,v=]
2015-11-17 15:59:33.521 DEBUG processModel 11619 0002db23-086a-8000-db91-0a1e000d14c0 Processing reference: ActivityClassParameter[name=businessIssue,it=3,v=]
2015-11-17 15:59:33.521 DEBUG processModel 11619 0002db23-086a-8000-db91-0a1e000d14c0 Processing reference: ActivityClassParameter[name=address,it=3,v=]
2015-11-17 15:59:33.521 DEBUG processModel 11619 0002db23-086a-8000-db91-0a1e000d14c0 Processing reference: ActivityClassParameter[name=city,it=3,v=]
2015-11-17 15:59:33.521 DEBUG processModel 11619 0002db23-086a-8000-db91-0a1e000d14c0 Processing reference: ActivityClassParameter[name=state,it=3,v=]
2015-11-17 15:59:33.521 DEBUG processModel 11619 0002db23-086a-8000-db91-0a1e000d14c0 Processing reference: ActivityClassParameter[name=postalCode,it=3,v=]
2015-11-17 15:59:33.521 DEBUG processModel 11619 0002db23-086a-8000-db91-0a1e000d14c0 Processing reference: ActivityClassParameter[name=country,it=3,v=]
2015-11-17 15:59:33.521 DEBUG processModel 11619 0002db23-086a-8000-db91-0a1e000d14c0 Processing reference: ActivityClassParameter[name=website,it=3,v=]
2015-11-17 15:59:33.521 DEBUG processModel 11619 0002db23-086a-8000-db91-0a1e000d14c0 Processing reference: ActivityClassParameter[name=nameDecisionMaker,it=3,v=]
2015-11-17 15:59:33.522 DEBUG processModel 11619 0002db23-086a-8000-db91-0a1e000d14c0 Processing reference: ActivityClassParameter[name=roleDecisionMaker,it=3,v=]
2015-11-17 15:59:33.522 DEBUG processModel 11619 0002db23-086a-8000-db91-0a1e000d14c0 Processing reference: ActivityClassParameter[name=contactOwner,it=3,v=]
2015-11-17 15:59:33.522 DEBUG processModel 11619 0002db23-086a-8000-db91-0a1e000d14c0 Processing reference: ActivityClassParameter[name=phoneContactOwner,it=3,v=]
2015-11-17 15:59:33.522 DEBUG processModel 11619 0002db23-086a-8000-db91-0a1e000d14c0 Processing reference: ActivityClassParameter[name=emailContactOwner,it=3,v=]
2015-11-17 15:59:33.522 DEBUG processModel 11619 0002db23-086a-8000-db91-0a1e000d14c0 Processing reference: ActivityClassParameter[name=budgetAvailable,it=3,v=]
2015-11-17 15:59:33.522 DEBUG processModel 11619 0002db23-086a-8000-db91-0a1e000d14c0 Processing reference: ActivityClassParameter[name=budgetOwner,it=3,v=]
2015-11-17 15:59:33.522 DEBUG processModel 11619 0002db23-086a-8000-db91-0a1e000d14c0 Processing reference: ActivityClassParameter[name=coreUserCount,it=1,v=<null>]
2015-11-17 15:59:33.522 DEBUG processModel 11619 0002db23-086a-8000-db91-0a1e000d14c0 Processing reference: ActivityClassParameter[name=infrequentUserCount,it=1,v=<null>]
2015-11-17 15:59:33.522 DEBUG processModel 11619 0002db23-086a-8000-db91-0a1e000d14c0 Processing reference: ActivityClassParameter[name=actualSystem,it=3,v=]
2015-11-17 15:59:33.522 DEBUG processModel 11619 0002db23-086a-8000-db91-0a1e000d14c0 Processing reference: ActivityClassParameter[name=compellingEvent,it=3,v=]
2015-11-17 15:59:33.523 DEBUG processModel 11619 0002db23-086a-8000-db91-0a1e000d14c0 Processing reference: ActivityClassParameter[name=noAction,it=3,v=]
2015-11-17 15:59:33.523 DEBUG processModel 11619 0002db23-086a-8000-db91-0a1e000d14c0 Processing reference: ActivityClassParameter[name=mainCompetitor,it=3,v=]
2015-11-17 15:59:33.523 DEBUG processModel 11619 0002db23-086a-8000-db91-0a1e000d14c0 Processing reference: ActivityClassParameter[name=runSalesCycle,it=3,v=]
2015-11-17 15:59:33.523 DEBUG processModel 11619 0002db23-086a-8000-db91-0a1e000d14c0 Processing reference: ActivityClassParameter[name=otherRunSalesCycle,it=3,v=]
2015-11-17 15:59:33.523 DEBUG processModel 11619 0002db23-086a-8000-db91-0a1e000d14c0 Processing reference: ActivityClassParameter[name=expectedDecisionDate,it=7,v=<null>]
2015-11-17 15:59:33.523 DEBUG processModel 11619 0002db23-086a-8000-db91-0a1e000d14c0 Processing reference: ActivityClassParameter[name=chooseIndex,it=1,v=<null>]
2015-11-17 15:59:33.523 DEBUG processModel 11619 0002db23-086a-8000-db91-0a1e000d14c0 Processing reference: ActivityClassParameter[name=button,it=3,v=]
2015-11-17 15:59:33.523 DEBUG processModel 11619 0002db23-086a-8000-db91-0a1e000d14c0 Processing reference: ActivityClassParameter[name=nameDecisionMakerLastName,it=3,v=]
2015-11-17 15:59:33.523 DEBUG processModel 11619 0002db23-086a-8000-db91-0a1e000d14c0 Processing reference: ActivityClassParameter[name=contactOwnerLastName,it=3,v=]
2015-11-17 15:59:33.523 DEBUG processModel 11619 0002db23-086a-8000-db91-0a1e000d14c0 Processing reference: ActivityClassParameter[name=budgetOwnerLastName,it=3,v=]
2015-11-17 15:59:33.524 DEBUG processModel 11619 0002db23-086a-8000-db91-0a1e000d14c0 Processing reference: FormElement[label=Question1]
2015-11-17 15:59:33.525 DEBUG processModel 11619 0002db23-086a-8000-db91-0a1e000d14c0 Processing reference: FormElement[label=Question2]
2015-11-17 15:59:33.525 DEBUG processModel 11619 0002db23-086a-8000-db91-0a1e000d14c0 Processing reference: FormElement[label=Question3]
2015-11-17 15:59:33.525 DEBUG processModel 11619 0002db23-086a-8000-db91-0a1e000d14c0 Processing reference: FormElement[label=Question4]
2015-11-17 15:59:33.525 DEBUG processModel 11619 0002db23-086a-8000-db91-0a1e000d14c0 Processing reference: FormElement[label=Question5]
2015-11-17 15:59:33.526 DEBUG processModel 11619 0002db23-086a-8000-db91-0a1e000d14c0 Processing reference: FormElement[label=Question6]
2015-11-17 15:59:33.526 DEBUG processModel 11619 0002db23-086a-8000-db91-0a1e000d14c0 Processing reference: FormElement[label=Question7]
2015-11-17 15:59:33.526 DEBUG processModel 11619 0002db23-086a-8000-db91-0a1e000d14c0 Processing reference: FormElement[label=Question8]
2015-11-17 15:59:33.526 DEBUG processModel 11619 0002db23-086a-8000-db91-0a1e000d14c0 Processing reference: FormElement[label=Question9]
2015-11-17 15:59:33.526 DEBUG processModel 11619 0002db23-086a-8000-db91-0a1e000d14c0 Processing reference: FormElement[label=Question10]
2015-11-17 15:59:33.526 DEBUG processModel 11619 0002db23-086a-8000-db91-0a1e000d14c0 Processing reference: FormElement[label=Question11]
2015-11-17 15:59:33.526 DEBUG processModel 11619 0002db23-086a-8000-db91-0a1e000d14c0 Processing reference: FormElement[label=Question12]
2015-11-17 15:59:33.526 DEBUG processModel 11619 0002db23-086a-8000-db91-0a1e000d14c0 Processing reference: FormElement[label=Question13]
2015-11-17 15:59:33.526 DEBUG processModel 11619 0002db23-086a-8000-db91-0a1e000d14c0 Processing reference: FormElement[label=Question14]
2015-11-17 15:59:33.526 DEBUG processModel 11619 0002db23-086a-8000-db91-0a1e000d14c0 Processing reference: FormElement[label=Question15]
2015-11-17 15:59:33.526 DEBUG processModel 11619 0002db23-086a-8000-db91-0a1e000d14c0 Processing reference: FormElement[label=Question16]
2015-11-17 15:59:33.526 DEBUG processModel 11619 0002db23-086a-8000-db91-0a1e000d14c0 Processing reference: FormElement[label=Question17]
2015-11-17 15:59:33.526 DEBUG processModel 11619 0002db23-086a-8000-db91-0a1e000d14c0 Processing reference: FormElement[label=Question18]
2015-11-17 15:59:33.526 DEBUG processModel 11619 0002db23-086a-8000-db91-0a1e000d14c0 Processing reference: FormElement[label=Question19]
2015-11-17 15:59:33.526 DEBUG processModel 11619 0002db23-086a-8000-db91-0a1e000d14c0 Processing reference: FormElement[label=Question20]
2015-11-17 15:59:33.526 DEBUG processModel 11619 0002db23-086a-8000-db91-0a1e000d14c0 Processing reference: FormElement[label=Question21]
2015-11-17 15:59:33.526 DEBUG processModel 11619 0002db23-086a-8000-db91-0a1e000d14c0 Processing reference: FormElement[label=Question22]
2015-11-17 15:59:33.526 DEBUG processModel 11619 0002db23-086a-8000-db91-0a1e000d14c0 Processing reference: FormElement[label=Question23]
2015-11-17 15:59:33.526 DEBUG processModel 11619 0002db23-086a-8000-db91-0a1e000d14c0 Processing reference: FormElement[label=Question24]
2015-11-17 15:59:33.526 DEBUG processModel 11619 0002db23-086a-8000-db91-0a1e000d14c0 Processing reference: FormElement[label=Question25]
2015-11-17 15:59:33.527 DEBUG processModel 11619 0002db23-086a-8000-db91-0a1e000d14c0 Processing reference: FormElement[label=Question26]
2015-11-17 15:59:33.527 DEBUG processModel 11619 0002db23-086a-8000-db91-0a1e000d14c0 Processing reference: FormElement[label=Question27]
2015-11-17 15:59:33.527 DEBUG processModel 11619 0002db23-086a-8000-db91-0a1e000d14c0 Processing reference: FormElement[label=Question28]
2015-11-17 15:59:33.527 DEBUG processModel 11619 0002db23-086a-8000-db91-0a1e000d14c0 Processing reference: FormElement[label=Question29]
2015-11-17 15:59:33.527 DEBUG processModel 11619 0002db23-086a-8000-db91-0a1e000d14c0 Processing reference: FormElement[label=Question30]
2015-11-17 15:59:33.527 DEBUG processModel 11619 0002db23-086a-8000-db91-0a1e000d14c0 Processing reference: FormElement[label=Question31]
2015-11-17 15:59:33.527 DEBUG processModel 11619 0002db23-086a-8000-db91-0a1e000d14c0 Processing reference: FormElement[label=Question32]
2015-11-17 15:59:33.527 DEBUG processModel 11619 0002db23-086a-8000-db91-0a1e000d14c0 Processing reference: FormElement[label=Question33]
2015-11-17 15:59:33.527 DEBUG processModel 11619 0002db23-086a-8000-db91-0a1e000d14c0 Processing reference: FormElement[label=Question34]
2015-11-17 15:59:33.527 DEBUG processModel 11619 0002db23-086a-8000-db91-0a1e000d14c0 Processing reference: FormElement[label=Question35]
2015-11-17 15:59:33.527 DEBUG processModel 11619 0002db23-086a-8000-db91-0a1e000d14c0 Processing reference: FormElement[label=Question36]
2015-11-17 15:59:33.527 DEBUG processModel 11619 0002db23-086a-8000-db91-0a1e000d14c0 Processing reference: FormElement[label=Question37]
2015-11-17 15:59:33.528 DEBUG processModel 11619 0002db23-086a-8000-db91-0a1e000d14c0 Processing reference: UiExpressionForm.expression
2015-11-17 15:59:33.531 DEBUG processModel 11619 0002db23-086a-8000-db91-0a1e000d14c0 Processing reference: com.appiancorp.suiteapi.process.Assignment$Assignee@4d1d60e
2015-11-17 15:59:33.532 DEBUG processModel 11619 0002db23-086a-8000-db91-0a1e000d14c0 Processing reference: ActivityClassParameter[name=referral,it=4832,v=<null>]
2015-11-17 15:59:33.532 DEBUG processModel 11619 0002db23-086a-8000-db91-0a1e000d14c0 Processing reference: ActivityClassParameter[name=DataStoreEntity,it=81,v=5f108db9-eb7e-40b5-a792-365eb225c0a8@46851]
2015-11-17 15:59:33.533 DEBUG processModel 11619 0002db23-086a-8000-db91-0a1e000d14c0 Processing reference: ActivityClassParameter[name=StoredValues,it=197,v=<null>]
2015-11-17 15:59:33.534 DEBUG processModel 11619 0002db23-086a-8000-db91-0a1e000d14c0 Processing reference: ActivityClassParameter[name=selectedOrgId,it=1,v=<null>]
2015-11-17 15:59:33.534 DEBUG processModel 11619 0002db23-086a-8000-db91-0a1e000d14c0 Processing reference: ActivityClassParameter[name=button,it=3,v=]
2015-11-17 15:59:33.534 DEBUG processModel 11619 0002db23-086a-8000-db91-0a1e000d14c0 Processing reference: FormElement[label=Question1]
2015-11-17 15:59:33.534 DEBUG processModel 11619 0002db23-086a-8000-db91-0a1e000d14c0 Processing reference: FormElement[label=Question2]
2015-11-17 15:59:33.534 DEBUG processModel 11619 0002db23-086a-8000-db91-0a1e000d14c0 Processing reference: UiExpressionForm.expression
2015-11-17 15:59:33.536 DEBUG processModel 11619 0002db23-086a-8000-db91-0a1e000d14c0 Processing reference: com.appiancorp.suiteapi.process.Assignment$Assignee@6e6477d5
2015-11-17 15:59:33.536 DEBUG processModel 11619 0002db23-086a-8000-db91-0a1e000d14c0 Processing reference: ActivityClassParameter[name=Instructions,it=3,v=]
2015-11-17 15:59:33.537 DEBUG processModel 11619 0002db23-086a-8000-db91-0a1e000d14c0 Processing reference: ActivityClassParameter[name=pmID,it=23,v=11848]
2015-11-17 15:59:33.539 DEBUG processModel 11848 0002db64-a366-8000-db91-0a1e000d14c0 Begin transport.
2015-11-17 15:59:33.539 DEBUG processModel 11848 0002db64-a366-8000-db91-0a1e000d14c0 Retrieving object data.
2015-11-17 15:59:33.839 DEBUG processModel 11848 0002db64-a366-8000-db91-0a1e000d14c0 Setting uuids of object references.
2015-11-17 15:59:33.839 DEBUG processModel 11848 0002db64-a366-8000-db91-0a1e000d14c0 Processing reference: ProcessModelHaul.folderId
2015-11-17 15:59:33.84 DEBUG processModel 11848 0002db64-a366-8000-db91-0a1e000d14c0 Processing reference: ProcessModelHaul.modelDashboardPageId
2015-11-17 15:59:33.84 DEBUG processModel 11848 0002db64-a366-8000-db91-0a1e000d14c0 Processing reference: ProcessModelHaul.processDashboardPageId
2015-11-17 15:59:33.84 DEBUG processModel 11848 0002db64-a366-8000-db91-0a1e000d14c0 Processing reference: ProcessModel.emailAttachmentFolderId
2015-11-17 15:59:33.843 DEBUG processModel 11848 0002db64-a366-8000-db91-0a1e000d14c0 Processing reference: InternalForm.docId
2015-11-17 15:59:33.844 DEBUG processModel 11848 0002db64-a366-8000-db91-0a1e000d14c0 Processing reference: ActivityClassParameter[name=pmID,it=23,v=<null>]
2015-11-17 15:59:33.844 DEBUG processModel 11848 0002db64-a366-8000-db91-0a1e000d14c0 Processing reference: ActivityClassParameter[name=inMap,it=111,v={}]
2015-11-17 15:59:33.844 DEBUG processModel 11848 0002db64-a366-8000-db91-0a1e000d14c0 Processing reference: ActivityClassParameter[name=procInheritsPriority,it=1,v=1]
2015-11-17 15:59:33.844 DEBUG processModel 11848 0002db64-a366-8000-db91-0a1e000d14c0 Processing reference: ActivityClassParameter[name=pmUUID,it=3,v=]
2015-11-17 15:59:33.844 DEBUG processModel 11848 0002db64-a366-8000-db91-0a1e000d14c0 Processing reference: ActivityClassParameter[name=isAsynchronous,it=26,v=1]
2015-11-17 15:59:33.845 DEBUG processModel 11848 0002db64-a366-8000-db91-0a1e000d14c0 Processing reference: ActivityClassParameter[name=isTransparent,it=26,v=1]
2015-11-17 15:59:33.845 DEBUG processModel 11848 0002db64-a366-8000-db91-0a1e000d14c0 Processing reference: ActivityClassParameter[name=inheritSecurity,it=26,v=0]
2015-11-17 15:59:33.845 DEBUG processModel 11848 0002db64-a366-8000-db91-0a1e000d14c0 Processing reference: ActivityClassParameter[name=pmID,it=23,v=<null>]
2015-11-17 15:59:33.845 DEBUG processModel 11848 0002db64-a366-8000-db91-0a1e000d14c0 Processing reference: ActivityClassParameter[name=inMap,it=111,v={}]
2015-11-17 15:59:33.845 DEBUG processModel 11848 0002db64-a366-8000-db91-0a1e000d14c0 Processing reference: ActivityClassParameter[name=procInheritsPriority,it=1,v=1]
2015-11-17 15:59:33.845 DEBUG processModel 11848 0002db64-a366-8000-db91-0a1e000d14c0 Processing reference: ActivityClassParameter[name=pmUUID,it=3,v=]
2015-11-17 15:59:33.845 DEBUG processModel 11848 0002db64-a366-8000-db91-0a1e000d14c0 Processing reference: ActivityClassParameter[name=isAsynchronous,it=26,v=1]
2015-11-17 15:59:33.845 DEBUG processModel 11848 0002db64-a366-8000-db91-0a1e000d14c0 Processing reference: ActivityClassParameter[name=isTransparent,it=26,v=1]
2015-11-17 15:59:33.845 DEBUG processModel 11848 0002db64-a366-8000-db91-0a1e000d14c0 Processing reference: ActivityClassParameter[name=inheritSecurity,it=26,v=0]
2015-11-17 15:59:33.845 DEBUG processModel 11848 0002db64-a366-8000-db91-0a1e000d14c0 Processing reference: ActivityClassParameter[name=pmID,it=23,v=<null>]
2015-11-17 15:59:33.846 DEBUG processModel 11848 0002db64-a366-8000-db91-0a1e000d14c0 Processing reference: ActivityClassParameter[name=inMap,it=111,v={}]
2015-11-17 15:59:33.846 DEBUG processModel 11848 0002db64-a366-8000-db91-0a1e000d14c0 Processing reference: ActivityClassParameter[name=procInheritsPriority,it=1,v=1]
2015-11-17 15:59:33.846 DEBUG processModel 11848 0002db64-a366-8000-db91-0a1e000d14c0 Processing reference: ActivityClassParameter[name=pmUUID,it=3,v=]
2015-11-17 15:59:33.846 DEBUG processModel 11848 0002db64-a366-8000-db91-0a1e000d14c0 Processing reference: ActivityClassParameter[name=isAsynchronous,it=26,v=1]
2015-11-17 15:59:33.846 DEBUG processModel 11848 0002db64-a366-8000-db91-0a1e000d14c0 Processing reference: ActivityClassParameter[name=isTransparent,it=26,v=1]
2015-11-17 15:59:33.846 DEBUG processModel 11848 0002db64-a366-8000-db91-0a1e000d14c0 Processing reference: ActivityClassParameter[name=inheritSecurity,it=26,v=0]
2015-11-17 15:59:33.846 DEBUG processModel 11848 0002db64-a366-8000-db91-0a1e000d14c0 Processing reference: ActivityClassParameter[name=referralMilestone,it=1,v=<null>]
2015-11-17 15:59:33.846 DEBUG processModel 11848 0002db64-a366-8000-db91-0a1e000d14c0 Processing reference: ActivityClassParameter[name=button,it=3,v=]
2015-11-17 15:59:33.847 DEBUG processModel 11848 0002db64-a366-8000-db91-0a1e000d14c0 Processing reference: ActivityClassParameter[name=partnerOrgName,it=3,v=]
2015-11-17 15:59:33.847 DEBUG processModel 11848 0002db64-a366-8000-db91-0a1e000d14c0 Processing reference: ActivityClassParameter[name=country,it=3,v=]
2015-11-17 15:59:33.847 DEBUG processModel 11848 0002db64-a366-8000-db91-0a1e000d14c0 Processing reference: ActivityClassParameter[name=state,it=3,v=]
2015-11-17 15:59:33.847 DEBUG processModel 11848 0002db64-a366-8000-db91-0a1e000d14c0 Processing reference: ActivityClassParameter[name=address,it=3,v=]
2015-11-17 15:59:33.847 DEBUG processModel 11848 0002db64-a366-8000-db91-0a1e000d14c0 Processing reference: ActivityClassParameter[name=city,it=3,v=]
2015-11-17 15:59:33.847 DEBUG processModel 11848 0002db64-a366-8000-db91-0a1e000d14c0 Processing reference: ActivityClassParameter[name=postalCode,it=3,v=]
2015-11-17 15:59:33.847 DEBUG processModel 11848 0002db64-a366-8000-db91-0a1e000d14c0 Processing reference: ActivityClassParameter[name=prmOrganization,it=4776,v=<null>]
2015-11-17 15:59:33.848 DEBUG processModel 11848 0002db64-a366-8000-db91-0a1e000d14c0 Processing reference: ActivityClassParameter[name=prmPractionerData,it=4366,v=<null>]
2015-11-17 15:59:33.848 DEBUG processModel 11848 0002db64-a366-8000-db91-0a1e000d14c0 Processing reference: ActivityClassParameter[name=contactName,it=3,v=]
2015-11-17 15:59:33.848 DEBUG processModel 11848 0002db64-a366-8000-db91-0a1e000d14c0 Processing reference: ActivityClassParameter[name=contactPhone,it=3,v=]
2015-11-17 15:59:33.848 DEBUG processModel 11848 0002db64-a366-8000-db91-0a1e000d14c0 Processing reference: ActivityClassParameter[name=contactEmail,it=3,v=]
2015-11-17 15:59:33.848 DEBUG processModel 11848 0002db64-a366-8000-db91-0a1e000d14c0 Processing reference: FormElement[label=Question1]
2015-11-17 15:59:33.848 DEBUG processModel 11848 0002db64-a366-8000-db91-0a1e000d14c0 Processing reference: FormElement[label=Question2]
2015-11-17 15:59:33.848 DEBUG processModel 11848 0002db64-a366-8000-db91-0a1e000d14c0 Processing reference: FormElement[label=Question3]
2015-11-17 15:59:33.848 DEBUG processModel 11848 0002db64-a366-8000-db91-0a1e000d14c0 Processing reference: FormElement[label=Question4]
2015-11-17 15:59:33.849 DEBUG processModel 11848 0002db64-a366-8000-db91-0a1e000d14c0 Processing reference: FormElement[label=Question5]
2015-11-17 15:59:33.849 DEBUG processModel 11848 0002db64-a366-8000-db91-0a1e000d14c0 Processing reference: FormElement[label=Question6]
2015-11-17 15:59:33.849 DEBUG processModel 11848 0002db64-a366-8000-db91-0a1e000d14c0 Processing reference: FormElement[label=Question7]
2015-11-17 15:59:33.849 DEBUG processModel 11848 0002db64-a366-8000-db91-0a1e000d14c0 Processing reference: FormElement[label=Question8]
2015-11-17 15:59:33.849 DEBUG processModel 11848 0002db64-a366-8000-db91-0a1e000d14c0 Processing reference: FormElement[label=Question9]
2015-11-17 15:59:33.849 DEBUG processModel 11848 0002db64-a366-8000-db91-0a1e000d14c0 Processing reference: FormElement[label=Question10]
2015-11-17 15:59:33.849 DEBUG processModel 11848 0002db64-a366-8000-db91-0a1e000d14c0 Processing reference: FormElement[label=Question12]
2015-11-17 15:59:33.849 DEBUG processModel 11848 0002db64-a366-8000-db91-0a1e000d14c0 Processing reference: FormElement[label=Question12]
2015-11-17 15:59:33.849 DEBUG processModel 11848 0002db64-a366-8000-db91-0a1e000d14c0 Processing reference: InternalForm.docId
2015-11-17 15:59:33.849 DEBUG processModel 11848 0002db64-a366-8000-db91-0a1e000d14c0 Processing reference: UiExpressionForm.expression
2015-11-17 15:59:33.851 DEBUG processModel 11848 0002db64-a366-8000-db91-0a1e000d14c0 Processing reference: com.appiancorp.suiteapi.process.Assignment$Assignee@41c518e9
2015-11-17 15:59:33.851 DEBUG processModel 11848 0002db64-a366-8000-db91-0a1e000d14c0 Processing reference: ActivityClassParameter[name=referralMilestone,it=1,v=<null>]
2015-11-17 15:59:33.851 DEBUG processModel 11848 0002db64-a366-8000-db91-0a1e000d14c0 Processing reference: ActivityClassParameter[name=prmOrganization,it=4776,v=<null>]
2015-11-17 15:59:33.851 DEBUG processModel 11848 0002db64-a366-8000-db91-0a1e000d14c0 Processing reference: InternalForm.docId
2015-11-17 15:59:33.851 DEBUG processModel 11848 0002db64-a366-8000-db91-0a1e000d14c0 Processing reference: ActivityClassParameter[name=DataStoreEntity,it=81,v=2a315c86-b575-45f5-b8c6-ee70dc6b32e4@46851]
2015-11-17 15:59:33.853 DEBUG processModel 11848 0002db64-a366-8000-db91-0a1e000d14c0 Processing reference: ActivityClassParameter[name=StoredValues,it=197,v=<null>]
2015-11-17 15:59:33.853 DEBUG processModel 11848 0002db64-a366-8000-db91-0a1e000d14c0 Processing reference: ActivityClassParameter[name=referralMilestone,it=1,v=<null>]
2015-11-17 15:59:33.853 DEBUG processModel 11848 0002db64-a366-8000-db91-0a1e000d14c0 Processing reference: ActivityClassParameter[name=pmID,it=23,v=<null>]
2015-11-17 15:59:33.853 DEBUG processModel 11848 0002db64-a366-8000-db91-0a1e000d14c0 Processing reference: ActivityClassParameter[name=inMap,it=111,v={}]
2015-11-17 15:59:33.853 DEBUG processModel 11848 0002db64-a366-8000-db91-0a1e000d14c0 Processing reference: ActivityClassParameter[name=procInheritsPriority,it=1,v=1]
2015-11-17 15:59:33.853 DEBUG processModel 11848 0002db64-a366-8000-db91-0a1e000d14c0 Processing reference: ActivityClassParameter[name=pmUUID,it=3,v=]
2015-11-17 15:59:33.853 DEBUG processModel 11848 0002db64-a366-8000-db91-0a1e000d14c0 Processing reference: ActivityClassParameter[name=isAsynchronous,it=26,v=1]
2015-11-17 15:59:33.854 DEBUG processModel 11848 0002db64-a366-8000-db91-0a1e000d14c0 Processing reference: ActivityClassParameter[name=isTransparent,it=26,v=1]
2015-11-17 15:59:33.854 DEBUG processModel 11848 0002db64-a366-8000-db91-0a1e000d14c0 Processing reference: ActivityClassParameter[name=inheritSecurity,it=26,v=0]
2015-11-17 15:59:33.854 DEBUG processModel 11848 0002db64-a366-8000-db91-0a1e000d14c0 Processing reference: InternalForm.docId
2015-11-17 15:59:33.854 DEBUG processModel 11848 0002db64-a366-8000-db91-0a1e000d14c0 Processing reference: UiExpressionForm.expression
2015-11-17 15:59:33.855 DEBUG processModel 11848 0002db64-a366-8000-db91-0a1e000d14c0 Processing reference: com.appiancorp.suiteapi.process.Assignment$Assignee@235ab662
2015-11-17 15:59:33.855 DEBUG processModel 11848 0002db64-a366-8000-db91-0a1e000d14c0 Processing reference: ActivityClassParameter[name=button,it=3,v=]
2015-11-17 15:59:33.856 DEBUG processModel 11848 0002db64-a366-8000-db91-0a1e000d14c0 Processing reference: ActivityClassParameter[name=partnerOrgName,it=3,v=]
2015-11-17 15:59:33.856 DEBUG processModel 11848 0002db64-a366-8000-db91-0a1e000d14c0 Processing reference: ActivityClassParameter[name=country,it=3,v=]
2015-11-17 15:59:33.856 DEBUG processModel 11848 0002db64-a366-8000-db91-0a1e000d14c0 Processing reference: ActivityClassParameter[name=state,it=3,v=]
2015-11-17 15:59:33.856 DEBUG processModel 11848 0002db64-a366-8000-db91-0a1e000d14c0 Processing reference: ActivityClassParameter[name=address,it=3,v=]
2015-11-17 15:59:33.856 DEBUG processModel 11848 0002db64-a366-8000-db91-0a1e000d14c0 Processing reference: ActivityClassParameter[name=city,it=3,v=]
2015-11-17 15:59:33.857 DEBUG processModel 11848 0002db64-a366-8000-db91-0a1e000d14c0 Processing reference: ActivityClassParameter[name=postalCode,it=3,v=]
2015-11-17 15:59:33.857 DEBUG processModel 11848 0002db64-a366-8000-db91-0a1e000d14c0 Processing reference: ActivityClassParameter[name=prmOrganization,it=4776,v=<null>]
2015-11-17 15:59:33.857 DEBUG processModel 11848 0002db64-a366-8000-db91-0a1e000d14c0 Processing reference: ActivityClassParameter[name=prmPractionerData,it=4366,v=<null>]
2015-11-17 15:59:33.858 DEBUG processModel 11848 0002db64-a366-8000-db91-0a1e000d14c0 Processing reference: ActivityClassParameter[name=contactName,it=3,v=]
2015-11-17 15:59:33.858 DEBUG processModel 11848 0002db64-a366-8000-db91-0a1e000d14c0 Processing reference: ActivityClassParameter[name=contactPhone,it=3,v=]
2015-11-17 15:59:33.858 DEBUG processModel 11848 0002db64-a366-8000-db91-0a1e000d14c0 Processing reference: ActivityClassParameter[name=contactEmail,it=3,v=]
2015-11-17 15:59:33.858 DEBUG processModel 11848 0002db64-a366-8000-db91-0a1e000d14c0 Processing reference: FormElement[label=Question1]
2015-11-17 15:59:33.858 DEBUG processModel 11848 0002db64-a366-8000-db91-0a1e000d14c0 Processing reference: FormElement[label=Question2]
2015-11-17 15:59:33.858 DEBUG processModel 11848 0002db64-a366-8000-db91-0a1e000d14c0 Processing reference: FormElement[label=Question3]
2015-11-17 15:59:33.858 DEBUG processModel 11848 0002db64-a366-8000-db91-0a1e000d14c0 Processing reference: FormElement[label=Question4]
2015-11-17 15:59:33.858 DEBUG processModel 11848 0002db64-a366-8000-db91-0a1e000d14c0 Processing reference: FormElement[label=Question5]
2015-11-17 15:59:33.858 DEBUG processModel 11848 0002db64-a366-8000-db91-0a1e000d14c0 Processing reference: FormElement[label=Question6]
2015-11-17 15:59:33.858 DEBUG processModel 11848 0002db64-a366-8000-db91-0a1e000d14c0 Processing reference: FormElement[label=Question7]
2015-11-17 15:59:33.858 DEBUG processModel 11848 0002db64-a366-8000-db91-0a1e000d14c0 Processing reference: FormElement[label=Question8]
2015-11-17 15:59:33.858 DEBUG processModel 11848 0002db64-a366-8000-db91-0a1e000d14c0 Processing reference: FormElement[label=Question9]
2015-11-17 15:59:33.858 DEBUG processModel 11848 0002db64-a366-8000-db91-0a1e000d14c0 Processing reference: FormElement[label=Question10]
2015-11-17 15:59:33.858 DEBUG processModel 11848 0002db64-a366-8000-db91-0a1e000d14c0 Processing reference: FormElement[label=Question12]
2015-11-17 15:59:33.858 DEBUG processModel 11848 0002db64-a366-8000-db91-0a1e000d14c0 Processing reference: FormElement[label=Question12]
2015-11-17 15:59:33.858 DEBUG processModel 11848 0002db64-a366-8000-db91-0a1e000d14c0 Processing reference: InternalForm.docId
2015-11-17 15:59:33.859 DEBUG processModel 11848 0002db64-a366-8000-db91-0a1e000d14c0 Processing reference: UiExpressionForm.expression
2015-11-17 15:59:33.86 DEBUG processModel 11848 0002db64-a366-8000-db91-0a1e000d14c0 Processing reference: com.appiancorp.suiteapi.process.Assignment$Assignee@72a1871b
2015-11-17 15:59:33.86 DEBUG processModel 11848 0002db64-a366-8000-db91-0a1e000d14c0 Processing reference: ActivityClassParameter[name=defaultNode,it=1,v=5]
2015-11-17 15:59:33.86 DEBUG processModel 11848 0002db64-a366-8000-db91-0a1e000d14c0 Processing reference: ActivityClassParameter[name=rules,it=111,v={ActivityClassParameter[name=rule,it=11,v={ActivityClassParameter[name=expression,it=26,v=<null>],ActivityClassParameter[name=node,it=1,v=6],ActivityClassParameter[name=label,it=3,v=Cancel]}],ActivityClassParameter[name=rule,it=11,v={ActivityClassParameter[name=expression,it=26,v=<null>],ActivityClassParameter[name=node,it=1,v=7],ActivityClassParameter[name=label,it=3,v=Yes]}]}]
2015-11-17 15:59:33.861 DEBUG processModel 11848 0002db64-a366-8000-db91-0a1e000d14c0 Processing reference: ActivityClassParameter[name=fired,it=1,v=0]
2015-11-17 15:59:33.861 DEBUG processModel 11848 0002db64-a366-8000-db91-0a1e000d14c0 Processing reference: ActivityClassParameter[name=arrivedNodes,it=101,v=<null>]
2015-11-17 15:59:33.861 DEBUG processModel 11848 0002db64-a366-8000-db91-0a1e000d14c0 Processing reference: InternalForm.docId
2015-11-17 15:59:33.862 DEBUG processModel 11848 0002db64-a366-8000-db91-0a1e000d14c0 Processing reference: UiExpressionForm.expression
2015-11-17 15:59:33.863 DEBUG processModel 11848 0002db64-a366-8000-db91-0a1e000d14c0 Processing reference: com.appiancorp.suiteapi.process.Assignment$Assignee@72dcce99
2015-11-17 15:59:33.863 DEBUG processModel 11848 0002db64-a366-8000-db91-0a1e000d14c0 Processing reference: ActivityClassParameter[name=defaultNode,it=1,v=2]
2015-11-17 15:59:33.863 DEBUG processModel 11848 0002db64-a366-8000-db91-0a1e000d14c0 Processing reference: ActivityClassParameter[name=rules,it=111,v={ActivityClassParameter[name=rule,it=11,v={ActivityClassParameter[name=expression,it=26,v=<null>],ActivityClassParameter[name=node,it=1,v=2],ActivityClassParameter[name=label,it=3,v=New or Alliance enrolls rejected]}],ActivityClassParameter[name=rule,it=11,v={ActivityClassParameter[name=expression,it=26,v=<null>],ActivityClassParameter[name=node,it=1,v=17],ActivityClassParameter[name=label,it=3,v=Previously rejected]}],ActivityClassParameter[name=rule,it=11,v={ActivityClassParameter[name=expression,it=26,v=<null>],ActivityClassParameter[name=node,it=1,v=14],ActivityClassParameter[name=label,it=3,v=In Progress]}],ActivityClassParameter[name=rule,it=11,v={ActivityClassParameter[name=expression,it=26,v=<null>],ActivityClassParameter[name=node,it=1,v=2],ActivityClassParameter[name=label,it=3,v=New or Alliance enrolls rejected]}]}]
2015-11-17 15:59:33.864 DEBUG processModel 11848 0002db64-a366-8000-db91-0a1e000d14c0 Processing reference: ActivityClassParameter[name=fired,it=1,v=0]
2015-11-17 15:59:33.864 DEBUG processModel 11848 0002db64-a366-8000-db91-0a1e000d14c0 Processing reference: ActivityClassParameter[name=arrivedNodes,it=101,v=<null>]
2015-11-17 15:59:33.864 DEBUG processModel 11848 0002db64-a366-8000-db91-0a1e000d14c0 Processing reference: ActivityClassParameter[name=defaultNode,it=1,v=3]
2015-11-17 15:59:33.865 DEBUG processModel 11848 0002db64-a366-8000-db91-0a1e000d14c0 Processing reference: ActivityClassParameter[name=rules,it=111,v={ActivityClassParameter[name=rule,it=11,v={ActivityClassParameter[name=expression,it=26,v=<null>],ActivityClassParameter[name=node,it=1,v=8],ActivityClassParameter[name=label,it=3,v=Email testing]}],ActivityClassParameter[name=rule,it=11,v={ActivityClassParameter[name=expression,it=26,v=<null>],ActivityClassParameter[name=node,it=1,v=6],ActivityClassParameter[name=label,it=3,v=Email testing]}]}]
2015-11-17 15:59:33.865 DEBUG processModel 11848 0002db64-a366-8000-db91-0a1e000d14c0 Processing reference: ActivityClassParameter[name=fired,it=1,v=0]
2015-11-17 15:59:33.865 DEBUG processModel 11848 0002db64-a366-8000-db91-0a1e000d14c0 Processing reference: ActivityClassParameter[name=arrivedNodes,it=101,v=<null>]
2015-11-17 15:59:33.865 DEBUG processModel 11848 0002db64-a366-8000-db91-0a1e000d14c0 Processing reference: ActivityClassParameter[name=From,it=3,v=process]
2015-11-17 15:59:33.865 DEBUG processModel 11848 0002db64-a366-8000-db91-0a1e000d14c0 Processing reference: ActivityClassParameter[name=FromEmailValue,it=34,v=]
2015-11-17 15:59:33.866 DEBUG processModel 11848 0002db64-a366-8000-db91-0a1e000d14c0 Processing reference: ActivityClassParameter[name=To,it=135,v=<null>]
2015-11-17 15:59:33.866 DEBUG processModel 11848 0002db64-a366-8000-db91-0a1e000d14c0 Processing reference: ActivityClassParameter[name=Cc,it=135,v={}]
2015-11-17 15:59:33.866 DEBUG processModel 11848 0002db64-a366-8000-db91-0a1e000d14c0 Processing reference: ActivityClassParameter[name=Bcc,it=135,v={}]
2015-11-17 15:59:33.866 DEBUG processModel 11848 0002db64-a366-8000-db91-0a1e000d14c0 Processing reference: ActivityClassParameter[name=SendErrorsTo,it=3,v=]
2015-11-17 15:59:33.866 DEBUG processModel 11848 0002db64-a366-8000-db91-0a1e000d14c0 Processing reference: ActivityClassParameter[name=SendErrorsToEmailValue,it=34,v=]
2015-11-17 15:59:33.866 DEBUG processModel 11848 0002db64-a366-8000-db91-0a1e000d14c0 Processing reference: ActivityClassParameter[name=Subject,it=3,v=]
2015-11-17 15:59:33.866 DEBUG processModel 11848 0002db64-a366-8000-db91-0a1e000d14c0 Processing reference: ActivityClassParameter[name=Attachments,it=113,v={}]
2015-11-17 15:59:33.867 DEBUG processModel 11848 0002db64-a366-8000-db91-0a1e000d14c0 Processing reference: ActivityClassParameter[name=Priority,it=1,v=3]
2015-11-17 15:59:33.867 DEBUG processModel 11848 0002db64-a366-8000-db91-0a1e000d14c0 Processing reference: ActivityClassParameter[name=IsHTML,it=26,v=1]
2015-11-17 15:59:33.867 DEBUG processModel 11848 0002db64-a366-8000-db91-0a1e000d14c0 Processing reference: ActivityClassParameter[name=BodyTemplate,it=13,v=<null>]
2015-11-17 15:59:33.867 DEBUG processModel 11848 0002db64-a366-8000-db91-0a1e000d14c0 Processing reference: ActivityClassParameter[name=BodyHTML,it=3,v=]
2015-11-17 15:59:33.867 DEBUG processModel 11848 0002db64-a366-8000-db91-0a1e000d14c0 Processing reference: ActivityClassParameter[name=HeaderTemplate,it=13,v=<null>]
2015-11-17 15:59:33.867 DEBUG processModel 11848 0002db64-a366-8000-db91-0a1e000d14c0 Processing reference: ActivityClassParameter[name=FooterTemplate,it=13,v=<null>]
2015-11-17 15:59:33.867 DEBUG processModel 11848 0002db64-a366-8000-db91-0a1e000d14c0 Processing reference: ActivityClassParameter[name=UsersWithMissingAddresses,it=104,v=<null>]
2015-11-17 15:59:33.867 DEBUG processModel 11848 0002db64-a366-8000-db91-0a1e000d14c0 Processing reference: ActivityClassParameter[name=InvalidAddresses,it=103,v=<null>]
2015-11-17 15:59:33.867 DEBUG processModel 11848 0002db64-a366-8000-db91-0a1e000d14c0 Processing reference: ActivityClassParameter[name=ToValidAddresses,it=134,v=<null>]
2015-11-17 15:59:33.867 DEBUG processModel 11848 0002db64-a366-8000-db91-0a1e000d14c0 Processing reference: ActivityClassParameter[name=CcValidAddresses,it=134,v=<null>]
2015-11-17 15:59:33.868 DEBUG processModel 11848 0002db64-a366-8000-db91-0a1e000d14c0 Processing reference: ActivityClassParameter[name=BccValidAddresses,it=134,v=<null>]
2015-11-17 15:59:33.868 DEBUG processModel 11848 0002db64-a366-8000-db91-0a1e000d14c0 Processing reference: ActivityClassParameter[name=FeedId,it=87,v=100]
2015-11-17 15:59:33.87 DEBUG processModel 11848 0002db64-a366-8000-db91-0a1e000d14c0 Processing reference: ActivityClassParameter[name=Message,it=3,v=]
2015-11-17 15:59:33.87 DEBUG processModel 11848 0002db64-a366-8000-db91-0a1e000d14c0 Processing reference: ActivityClassParameter[name=Attachments,it=113,v=<null>]
2015-11-17 15:59:33.87 DEBUG processModel 11848 0002db64-a366-8000-db91-0a1e000d14c0 Processing reference: ActivityClassParameter[name=RecordTags,it=217,v=<null>]
2015-11-17 15:59:33.87 DEBUG processModel 11848 0002db64-a366-8000-db91-0a1e000d14c0 Processing reference: ActivityClassParameter[name=User,it=4,v=]
2015-11-17 15:59:33.87 DEBUG processModel 11848 0002db64-a366-8000-db91-0a1e000d14c0 Processing reference: ActivityClassParameter[name=Viewers,it=127,v=<null>]
2015-11-17 15:59:33.87 DEBUG processModel 11848 0002db64-a366-8000-db91-0a1e000d14c0 Processing reference: ActivityClassParameter[name=PersonalizationGroup,it=5,v=<null>]
2015-11-17 15:59:33.87 DEBUG processModel 11848 0002db64-a366-8000-db91-0a1e000d14c0 Processing reference: ActivityClassParameter[name=ActionProcess,it=23,v=<null>]
2015-11-17 15:59:33.87 DEBUG processModel 11848 0002db64-a366-8000-db91-0a1e000d14c0 Processing reference: ActivityClassParameter[name=ActionInstructions,it=3,v=]
2015-11-17 15:59:33.87 DEBUG processModel 11848 0002db64-a366-8000-db91-0a1e000d14c0 Processing reference: ActivityClassParameter[name=EventData,it=625,v=<null>]
2015-11-17 15:59:33.871 DEBUG processModel 11848 0002db64-a366-8000-db91-0a1e000d14c0 Processing reference: ActivityClassParameter[name=EntryId,it=3,v=]
2015-11-17 15:59:33.871 DEBUG processModel 11848 0002db64-a366-8000-db91-0a1e000d14c0 Processing reference: ActivityClassParameter[name=crmAccount,it=3766,v=<null>]
2015-11-17 15:59:33.871 DEBUG processModel 11848 0002db64-a366-8000-db91-0a1e000d14c0 Processing reference: ActivityClassParameter[name=EntryId,it=3,v=]
2015-11-17 15:59:33.871 DEBUG processModel 11848 0002db64-a366-8000-db91-0a1e000d14c0 Processing reference: ActivityClassParameter[name=Message,it=3,v=]
2015-11-17 15:59:33.871 DEBUG processModel 11848 0002db64-a366-8000-db91-0a1e000d14c0 Processing reference: ActivityClassParameter[name=Author,it=4,v=]
2015-11-17 15:59:33.871 DEBUG processModel 11848 0002db64-a366-8000-db91-0a1e000d14c0 Processing reference: ActivityClassParameter[name=CommentId,it=3,v=]
2015-11-17 15:59:33.871 DEBUG processModel 11848 0002db64-a366-8000-db91-0a1e000d14c0 Processing reference: ActivityClassParameter[name=EntryId,it=3,v=]
2015-11-17 15:59:33.871 DEBUG processModel 11848 0002db64-a366-8000-db91-0a1e000d14c0 Processing reference: ActivityClassParameter[name=Message,it=3,v=]
2015-11-17 15:59:33.872 DEBUG processModel 11848 0002db64-a366-8000-db91-0a1e000d14c0 Processing reference: ActivityClassParameter[name=Author,it=4,v=]
2015-11-17 15:59:33.872 DEBUG processModel 11848 0002db64-a366-8000-db91-0a1e000d14c0 Processing reference: ActivityClassParameter[name=CommentId,it=3,v=]
2015-11-17 15:59:33.872 DEBUG processModel 11848 0002db64-a366-8000-db91-0a1e000d14c0 Processing reference: ProcessVariable[name=Message,it=3,v=]
2015-11-17 15:59:33.872 DEBUG processModel 11848 0002db64-a366-8000-db91-0a1e000d14c0 Processing reference: ProcessVariable[name=crmAccount,it=3766,v=<null>]
2015-11-17 15:59:33.872 DEBUG processModel 11848 0002db64-a366-8000-db91-0a1e000d14c0 Processing reference: ProcessVariable[name=Author,it=4,v=]
2015-11-17 15:59:33.872 DEBUG processModel 11848 0002db64-a366-8000-db91-0a1e000d14c0 Processing reference: ProcessVariable[name=BccValidAddresses,it=134,v={}]
2015-11-17 15:59:33.872 DEBUG processModel 11848 0002db64-a366-8000-db91-0a1e000d14c0 Processing reference: ProcessVariable[name=CcValidAddresses,it=134,v={}]
2015-11-17 15:59:33.873 DEBUG processModel 11848 0002db64-a366-8000-db91-0a1e000d14c0 Processing reference: ProcessVariable[name=CommentId,it=3,v=]
2015-11-17 15:59:33.873 DEBUG processModel 11848 0002db64-a366-8000-db91-0a1e000d14c0 Processing reference: ProcessVariable[name=InvalidAddresses,it=103,v={}]
2015-11-17 15:59:33.873 DEBUG processModel 11848 0002db64-a366-8000-db91-0a1e000d14c0 Processing reference: ProcessVariable[name=ToValidAddresses,it=134,v={}]
2015-11-17 15:59:33.873 DEBUG processModel 11848 0002db64-a366-8000-db91-0a1e000d14c0 Processing reference: ProcessVariable[name=UsersWithMissingAddresses,it=104,v={}]
2015-11-17 15:59:33.873 DEBUG processModel 11848 0002db64-a366-8000-db91-0a1e000d14c0 Processing reference: ProcessVariable[name=address,it=3,v=]
2015-11-17 15:59:33.873 DEBUG processModel 11848 0002db64-a366-8000-db91-0a1e000d14c0 Processing reference: ProcessVariable[name=button,it=3,v=]
2015-11-17 15:59:33.874 DEBUG processModel 11848 0002db64-a366-8000-db91-0a1e000d14c0 Processing reference: ProcessVariable[name=city,it=3,v=]
2015-11-17 15:59:33.874 DEBUG processModel 11848 0002db64-a366-8000-db91-0a1e000d14c0 Processing reference: ProcessVariable[name=contactEmail,it=3,v=]
2015-11-17 15:59:33.874 DEBUG processModel 11848 0002db64-a366-8000-db91-0a1e000d14c0 Processing reference: ProcessVariable[name=contactName,it=3,v=]
2015-11-17 15:59:33.874 DEBUG processModel 11848 0002db64-a366-8000-db91-0a1e000d14c0 Processing reference: ProcessVariable[name=contactPhone,it=3,v=]
2015-11-17 15:59:33.874 DEBUG processModel 11848 0002db64-a366-8000-db91-0a1e000d14c0 Processing reference: ProcessVariable[name=country,it=3,v=]
2015-11-17 15:59:33.874 DEBUG processModel 11848 0002db64-a366-8000-db91-0a1e000d14c0 Processing reference: ProcessVariable[name=partnerOrgName,it=3,v=]
2015-11-17 15:59:33.874 DEBUG processModel 11848 0002db64-a366-8000-db91-0a1e000d14c0 Processing reference: ProcessVariable[name=postalCode,it=3,v=]
2015-11-17 15:59:33.874 DEBUG processModel 11848 0002db64-a366-8000-db91-0a1e000d14c0 Processing reference: ProcessVariable[name=prmOrganization,it=4776,v=<null>]
2015-11-17 15:59:33.874 DEBUG processModel 11848 0002db64-a366-8000-db91-0a1e000d14c0 Processing reference: ProcessVariable[name=prmPractionerData,it=4366,v=<null>]
2015-11-17 15:59:33.875 DEBUG processModel 11848 0002db64-a366-8000-db91-0a1e000d14c0 Processing reference: ProcessVariable[name=referralMilestone,it=1,v=0]
2015-11-17 15:59:33.875 DEBUG processModel 11848 0002db64-a366-8000-db91-0a1e000d14c0 Processing reference: ProcessVariable[name=requestDate,it=7,v=<null>]
2015-11-17 15:59:33.875 DEBUG processModel 11848 0002db64-a366-8000-db91-0a1e000d14c0 Processing reference: ProcessVariable[name=requester,it=4,v=]
2015-11-17 15:59:33.875 DEBUG processModel 11848 0002db64-a366-8000-db91-0a1e000d14c0 Processing reference: ProcessVariable[name=state,it=3,v=]
2015-11-17 15:59:33.876 DEBUG processModel 11848 0002db64-a366-8000-db91-0a1e000d14c0 Processing reference: com.appiancorp.suiteapi.process.ProcessRoleMap@3d69de42[
  Role[name=ADMIN_OWNER,groupIds=[344, 1194]]
  Role[name=EDITOR]
  Role[name=EXPLICIT_NONMEMBER]
  Role[name=VIEWER,groupIds=[146, 1170]]
  Role[name=MANAGER]
  Role[name=INITIATOR]
]
2015-11-17 15:59:33.876 DEBUG processModel 11848 0002db64-a366-8000-db91-0a1e000d14c0 Processing reference: Role[name=ADMIN_OWNER,groupIds=[344, 1194]]
2015-11-17 15:59:33.878 DEBUG processModel 11848 0002db64-a366-8000-db91-0a1e000d14c0 Processing reference: Role[name=EDITOR]
2015-11-17 15:59:33.878 DEBUG processModel 11848 0002db64-a366-8000-db91-0a1e000d14c0 Processing reference: Role[name=EXPLICIT_NONMEMBER]
2015-11-17 15:59:33.878 DEBUG processModel 11848 0002db64-a366-8000-db91-0a1e000d14c0 Processing reference: Role[name=VIEWER,groupIds=[146, 1170]]
2015-11-17 15:59:33.879 DEBUG processModel 11848 0002db64-a366-8000-db91-0a1e000d14c0 Processing reference: Role[name=MANAGER]
2015-11-17 15:59:33.879 DEBUG processModel 11848 0002db64-a366-8000-db91-0a1e000d14c0 Processing reference: Role[name=INITIATOR]
2015-11-17 15:59:33.903 DEBUG processModel 11848 0002db64-a366-8000-db91-0a1e000d14c0 Exporting binary resources.
2015-11-17 15:59:33.903 DEBUG processModel 11848 0002db64-a366-8000-db91-0a1e000d14c0 Serializing object to XML.
2015-11-17 15:59:34.002 DEBUG processModel 11848 0002db64-a366-8000-db91-0a1e000d14c0 Object transported.
2015-11-17 15:59:34.003 DEBUG processModel 11619 0002db23-086a-8000-db91-0a1e000d14c0 Processing reference: ActivityClassParameter[name=inMap,it=111,v={ActivityClassParameter[name=oneInputMap,it=11,v={ActivityClassParameter[name=sppn,it=3,v=prmOrganization],ActivityClassParameter[name=sppv,it=4776,v=<null>]}],ActivityClassParameter[name=oneInputMap,it=11,v={ActivityClassParameter[name=sppn,it=3,v=prmPractionerData],ActivityClassParameter[name=sppv,it=4366,v=<null>]}]}]
2015-11-17 15:59:34.004 DEBUG processModel 11619 0002db23-086a-8000-db91-0a1e000d14c0 Processing reference: ActivityClassParameter[name=outMap,it=111,v={}]
2015-11-17 15:59:34.004 DEBUG processModel 11619 0002db23-086a-8000-db91-0a1e000d14c0 Processing reference: ActivityClassParameter[name=subProcessID,it=1,v=<null>]
2015-11-17 15:59:34.004 DEBUG processModel 11619 0002db23-086a-8000-db91-0a1e000d14c0 Processing reference: ActivityClassParameter[name=procInheritsPriority,it=1,v=1]
2015-11-17 15:59:34.004 DEBUG processModel 11619 0002db23-086a-8000-db91-0a1e000d14c0 Processing reference: ActivityClassParameter[name=pmUUID,it=3,v=0002db64-a366-8000-db91-0a1e000d14c0]
2015-11-17 15:59:34.004 DEBUG processModel 11619 0002db23-086a-8000-db91-0a1e000d14c0 Processing reference: ActivityClassParameter[name=isAsynchronous,it=26,v=0]
2015-11-17 15:59:34.004 DEBUG processModel 11619 0002db23-086a-8000-db91-0a1e000d14c0 Processing reference: ActivityClassParameter[name=isTransparent,it=26,v=1]
2015-11-17 15:59:34.005 DEBUG processModel 11619 0002db23-086a-8000-db91-0a1e000d14c0 Processing reference: ActivityClassParameter[name=inheritSecurity,it=26,v=0]
2015-11-17 15:59:34.005 DEBUG processModel 11619 0002db23-086a-8000-db91-0a1e000d14c0 Processing reference: ActivityClassParameter[name=chainsInto,it=26,v=0]
2015-11-17 15:59:34.005 DEBUG processModel 11619 0002db23-086a-8000-db91-0a1e000d14c0 Processing reference: ProcessVariable[name=BccValidAddresses,it=134,v={}]
2015-11-17 15:59:34.005 DEBUG processModel 11619 0002db23-086a-8000-db91-0a1e000d14c0 Processing reference: ProcessVariable[name=CcValidAddresses,it=134,v={}]
2015-11-17 15:59:34.006 DEBUG processModel 11619 0002db23-086a-8000-db91-0a1e000d14c0 Processing reference: ProcessVariable[name=InvalidAddresses,it=103,v={}]
2015-11-17 15:59:34.006 DEBUG processModel 11619 0002db23-086a-8000-db91-0a1e000d14c0 Processing reference: ProcessVariable[name=ToValidAddresses,it=134,v={}]
2015-11-17 15:59:34.006 DEBUG processModel 11619 0002db23-086a-8000-db91-0a1e000d14c0 Processing reference: ProcessVariable[name=UsersWithMissingAddresses,it=104,v={}]
2015-11-17 15:59:34.007 DEBUG processModel 11619 0002db23-086a-8000-db91-0a1e000d14c0 Processing reference: ProcessVariable[name=accountName,it=3,v=]
2015-11-17 15:59:34.007 DEBUG processModel 11619 0002db23-086a-8000-db91-0a1e000d14c0 Processing reference: ProcessVariable[name=actualSystem,it=3,v=]
2015-11-17 15:59:34.007 DEBUG processModel 11619 0002db23-086a-8000-db91-0a1e000d14c0 Processing reference: ProcessVariable[name=address,it=3,v=]
2015-11-17 15:59:34.007 DEBUG processModel 11619 0002db23-086a-8000-db91-0a1e000d14c0 Processing reference: ProcessVariable[name=budgetAvailable,it=3,v=]
2015-11-17 15:59:34.007 DEBUG processModel 11619 0002db23-086a-8000-db91-0a1e000d14c0 Processing reference: ProcessVariable[name=budgetOwner,it=3,v=]
2015-11-17 15:59:34.007 DEBUG processModel 11619 0002db23-086a-8000-db91-0a1e000d14c0 Processing reference: ProcessVariable[name=businessIssue,it=3,v=]
2015-11-17 15:59:34.008 DEBUG processModel 11619 0002db23-086a-8000-db91-0a1e000d14c0 Processing reference: ProcessVariable[name=button,it=3,v=]
2015-11-17 15:59:34.008 DEBUG processModel 11619 0002db23-086a-8000-db91-0a1e000d14c0 Processing reference: ProcessVariable[name=chooseIndex,it=1,v=0]
2015-11-17 15:59:34.008 DEBUG processModel 11619 0002db23-086a-8000-db91-0a1e000d14c0 Processing reference: ProcessVariable[name=city,it=3,v=]
2015-11-17 15:59:34.008 DEBUG processModel 11619 0002db23-086a-8000-db91-0a1e000d14c0 Processing reference: ProcessVariable[name=company,it=3,v=]
2015-11-17 15:59:34.008 DEBUG processModel 11619 0002db23-086a-8000-db91-0a1e000d14c0 Processing reference: ProcessVariable[name=compellingEvent,it=3,v=]
2015-11-17 15:59:34.008 DEBUG processModel 11619 0002db23-086a-8000-db91-0a1e000d14c0 Processing reference: ProcessVariable[name=contactOwner,it=3,v=]
2015-11-17 15:59:34.008 DEBUG processModel 11619 0002db23-086a-8000-db91-0a1e000d14c0 Processing reference: ProcessVariable[name=coreUserCount,it=1,v=0]
2015-11-17 15:59:34.009 DEBUG processModel 11619 0002db23-086a-8000-db91-0a1e000d14c0 Processing reference: ProcessVariable[name=country,it=3,v=]
2015-11-17 15:59:34.009 DEBUG processModel 11619 0002db23-086a-8000-db91-0a1e000d14c0 Processing reference: ProcessVariable[name=department,it=3,v=]
2015-11-17 15:59:34.009 DEBUG processModel 11619 0002db23-086a-8000-db91-0a1e000d14c0 Processing reference: ProcessVariable[name=email,it=3,v=]
2015-11-17 15:59:34.009 DEBUG processModel 11619 0002db23-086a-8000-db91-0a1e000d14c0 Processing reference: ProcessVariable[name=emailContactOwner,it=3,v=]
2015-11-17 15:59:34.009 DEBUG processModel 11619 0002db23-086a-8000-db91-0a1e000d14c0 Processing reference: ProcessVariable[name=expectedDecisionDate,it=7,v=<null>]
2015-11-17 15:59:34.009 DEBUG processModel 11619 0002db23-086a-8000-db91-0a1e000d14c0 Processing reference: ProcessVariable[name=firstName,it=3,v=]
2015-11-17 15:59:34.01 DEBUG processModel 11619 0002db23-086a-8000-db91-0a1e000d14c0 Processing reference: ProcessVariable[name=functionalArea,it=3,v=]
2015-11-17 15:59:34.01 DEBUG processModel 11619 0002db23-086a-8000-db91-0a1e000d14c0 Processing reference: ProcessVariable[name=industry,it=3,v=]
2015-11-17 15:59:34.01 DEBUG processModel 11619 0002db23-086a-8000-db91-0a1e000d14c0 Processing reference: ProcessVariable[name=infrequentUserCount,it=1,v=0]
2015-11-17 15:59:34.01 DEBUG processModel 11619 0002db23-086a-8000-db91-0a1e000d14c0 Processing reference: ProcessVariable[name=lastName,it=3,v=]
2015-11-17 15:59:34.01 DEBUG processModel 11619 0002db23-086a-8000-db91-0a1e000d14c0 Processing reference: ProcessVariable[name=mainCompetitor,it=3,v=]
2015-11-17 15:59:34.01 DEBUG processModel 11619 0002db23-086a-8000-db91-0a1e000d14c0 Processing reference: ProcessVariable[name=nameDecisionMaker,it=3,v=]
2015-11-17 15:59:34.01 DEBUG processModel 11619 0002db23-086a-8000-db91-0a1e000d14c0 Processing reference: ProcessVariable[name=noAction,it=3,v=]
2015-11-17 15:59:34.011 DEBUG processModel 11619 0002db23-086a-8000-db91-0a1e000d14c0 Processing reference: ProcessVariable[name=otherRunSalesCycle,it=3,v=]
2015-11-17 15:59:34.011 DEBUG processModel 11619 0002db23-086a-8000-db91-0a1e000d14c0 Processing reference: ProcessVariable[name=phone,it=3,v=]
2015-11-17 15:59:34.011 DEBUG processModel 11619 0002db23-086a-8000-db91-0a1e000d14c0 Processing reference: ProcessVariable[name=phoneContactOwner,it=3,v=]
2015-11-17 15:59:34.011 DEBUG processModel 11619 0002db23-086a-8000-db91-0a1e000d14c0 Processing reference: ProcessVariable[name=postalCode,it=3,v=]
2015-11-17 15:59:34.011 DEBUG processModel 11619 0002db23-086a-8000-db91-0a1e000d14c0 Processing reference: ProcessVariable[name=prmOrganization,it=4776,v=<null>]
2015-11-17 15:59:34.011 DEBUG processModel 11619 0002db23-086a-8000-db91-0a1e000d14c0 Processing reference: ProcessVariable[name=prmPractionerData,it=4366,v=<null>]
2015-11-17 15:59:34.012 DEBUG processModel 11619 0002db23-086a-8000-db91-0a1e000d14c0 Processing reference: ProcessVariable[name=referral,it=4832,v=<null>]
2015-11-17 15:59:34.012 DEBUG processModel 11619 0002db23-086a-8000-db91-0a1e000d14c0 Processing reference: ProcessVariable[name=roleDecisionMaker,it=3,v=]
2015-11-17 15:59:34.012 DEBUG processModel 11619 0002db23-086a-8000-db91-0a1e000d14c0 Processing reference: ProcessVariable[name=runSalesCycle,it=3,v=]
2015-11-17 15:59:34.012 DEBUG processModel 11619 0002db23-086a-8000-db91-0a1e000d14c0 Processing reference: ProcessVariable[name=state,it=3,v=]
2015-11-17 15:59:34.012 DEBUG processModel 11619 0002db23-086a-8000-db91-0a1e000d14c0 Processing reference: ProcessVariable[name=website,it=3,v=]
2015-11-17 15:59:34.013 DEBUG processModel 11619 0002db23-086a-8000-db91-0a1e000d14c0 Processing reference: com.appiancorp.suiteapi.process.ProcessRoleMap@b131c5c[
  Role[name=ADMIN_OWNER,groupIds=[344, 1194]]
  Role[name=EDITOR]
  Role[name=EXPLICIT_NONMEMBER]
  Role[name=VIEWER,groupIds=[146, 1170]]
  Role[name=MANAGER]
  Role[name=INITIATOR]
]
2015-11-17 15:59:34.013 DEBUG processModel 11619 0002db23-086a-8000-db91-0a1e000d14c0 Processing reference: Role[name=ADMIN_OWNER,groupIds=[344, 1194]]
2015-11-17 15:59:34.014 DEBUG processModel 11619 0002db23-086a-8000-db91-0a1e000d14c0 Processing reference: Role[name=EDITOR]
2015-11-17 15:59:34.014 DEBUG processModel 11619 0002db23-086a-8000-db91-0a1e000d14c0 Processing reference: Role[name=EXPLICIT_NONMEMBER]
2015-11-17 15:59:34.014 DEBUG processModel 11619 0002db23-086a-8000-db91-0a1e000d14c0 Processing reference: Role[name=VIEWER,groupIds=[146, 1170]]
2015-11-17 15:59:34.016 DEBUG processModel 11619 0002db23-086a-8000-db91-0a1e000d14c0 Processing reference: Role[name=MANAGER]
2015-11-17 15:59:34.016 DEBUG processModel 11619 0002db23-086a-8000-db91-0a1e000d14c0 Processing reference: Role[name=INITIATOR]
2015-11-17 15:59:34.037 DEBUG processModel 11619 0002db23-086a-8000-db91-0a1e000d14c0 Exporting binary resources.
2015-11-17 15:59:34.037 DEBUG processModel 11619 0002db23-086a-8000-db91-0a1e000d14c0 Serializing object to XML.
2015-11-17 15:59:34.148 DEBUG processModel 11619 0002db23-086a-8000-db91-0a1e000d14c0 Object transported.
